<?xml version="1.0" encoding="UTF-8"?>
<!-- Generated by org.testng.reporters.JUnitReportReporter -->
<testsuite hostname="NeuroMancer" failures="0" tests="6" name="runner.CucumberRunner" time="87.178" errors="0" timestamp="2021-10-11T04:51:45 IST" skipped="0">
  <testcase classname="runner.CucumberRunner" name="runScenario" time="14.372"/>
  <system-out/>
  <testcase classname="runner.CucumberRunner" name="runScenario" time="11.569"/>
  <system-out/>
  <testcase classname="runner.CucumberRunner" name="runScenario" time="15.350"/>
  <system-out/>
  <testcase classname="runner.CucumberRunner" name="runScenario" time="15.030"/>
  <system-out/>
  <testcase classname="runner.CucumberRunner" name="runScenario" time="18.109"/>
  <system-out/>
  <testcase classname="runner.CucumberRunner" name="runScenario" time="12.748"/>
  <system-out/>
</testsuite> <!-- runner.CucumberRunner -->
