<?xml version="1.0" encoding="UTF-8"?>
<!-- Generated by org.testng.reporters.JUnitReportReporter -->
<testsuite hostname="NeuroMancer" failures="0" tests="2" name="testcases.EditLeadcase" time="30.433" errors="0" timestamp="2021-10-20T01:06:06 IST" skipped="0">
  <testcase classname="testcases.EditLeadcase" name="runEditLead" time="16.102"/>
  <system-out/>
  <testcase classname="testcases.EditLeadcase" name="runEditLead" time="14.331"/>
  <system-out/>
</testsuite> <!-- testcases.EditLeadcase -->
