<?xml version="1.0" encoding="UTF-8"?>
<!-- Generated by org.testng.reporters.JUnitReportReporter -->
<testsuite hostname="NeuroMancer" failures="0" tests="2" name="testcases.CreateLeadcase" time="30.681" errors="0" timestamp="2021-10-20T01:06:06 IST" skipped="0">
  <testcase classname="testcases.CreateLeadcase" name="runCreateLead" time="14.511"/>
  <system-out/>
  <testcase classname="testcases.CreateLeadcase" name="runCreateLead" time="16.170"/>
  <system-out/>
</testsuite> <!-- testcases.CreateLeadcase -->
