<?xml version="1.0" encoding="UTF-8"?>
<!-- Generated by org.testng.reporters.JUnitReportReporter -->
<testsuite hostname="NeuroMancer" failures="0" tests="1" name="testcases.MergeLeadcase" time="15.799" errors="0" timestamp="2021-10-20T01:06:06 IST" skipped="0">
  <testcase classname="testcases.MergeLeadcase" name="runMergeLead" time="15.799"/>
  <system-out/>
</testsuite> <!-- testcases.MergeLeadcase -->
