<?xml version="1.0" encoding="UTF-8"?>
<!-- Generated by org.testng.reporters.JUnitReportReporter -->
<testsuite hostname="NeuroMancer" failures="0" tests="1" name="testcases.LoginLogOutCase" time="8.114" errors="0" timestamp="2021-10-16T19:33:49 IST" skipped="0">
  <testcase classname="testcases.LoginLogOutCase" name="runLoginLogOut" time="8.114"/>
  <system-out/>
</testsuite> <!-- testcases.LoginLogOutCase -->
