<?xml version="1.0" encoding="UTF-8"?>
<!-- Generated by org.testng.reporters.JUnitReportReporter -->
<testsuite hostname="NeuroMancer" failures="0" tests="1" name="testcases.CreateChatTestCase" time="45.949" errors="0" timestamp="2021-10-18T03:29:46 IST" skipped="0">
  <testcase classname="testcases.CreateChatTestCase" name="runCreateChat" time="45.949"/>
  <system-out/>
</testsuite> <!-- testcases.CreateChatTestCase -->
