<?xml version="1.0" encoding="UTF-8"?>
<!-- Generated by org.testng.reporters.JUnitReportReporter -->
<testsuite hostname="NeuroMancer" failures="0" tests="1" name="testcases.UpdateChatQueue" time="0.000" errors="0" timestamp="2021-10-21T23:07:26 IST" skipped="1">
  <testcase classname="testcases.UpdateChatQueue" name="runUpdateChat" time="0.000">
    <skipped/>
  </testcase> <!-- runUpdateChat -->
  <system-out/>
</testsuite> <!-- testcases.UpdateChatQueue -->
